<?xml version="1.0" encoding="UTF-8"?>
<testng-results ignored="0" total="2" passed="2" failed="0" skipped="0">
  <reporter-output>
  </reporter-output>
  <suite started-at="2026-02-20T07:09:22 IST" name="Paralleltesting" finished-at="2026-02-20T07:09:31 IST" duration-ms="8479">
    <groups>
    </groups>
    <test started-at="2026-02-20T07:09:22 IST" name="Test1" finished-at="2026-02-20T07:09:28 IST" duration-ms="5611">
      <class name="testscripts.HomeTest">
        <test-method is-config="true" signature="initialiseBrowser(java.lang.String)[pri:0, instance:testscripts.HomeTest@7c7b252e]" started-at="2026-02-20T07:09:22 IST" name="initialiseBrowser" description="Verifying whether Browser is initialized successfully" finished-at="2026-02-20T07:09:24 IST" duration-ms="1824" status="PASS">
          <params>
            <param index="0">
              <value>
                <![CDATA[chrome]]>
              </value>
            </param>
          </params>
          <reporter-output>
          </reporter-output>
        </test-method> <!-- initialiseBrowser -->
        <test-method signature="verifyWhetherUserisAbletoLogoutSuccessfully()[pri:0, instance:testscripts.HomeTest@7c7b252e]" started-at="2026-02-20T07:09:24 IST" name="verifyWhetherUserisAbletoLogoutSuccessfully" description="Verifying whether User is able to Logout successfully" finished-at="2026-02-20T07:09:28 IST" duration-ms="3652" status="PASS">
          <reporter-output>
          </reporter-output>
        </test-method> <!-- verifyWhetherUserisAbletoLogoutSuccessfully -->
        <test-method is-config="true" signature="driverQuit(org.testng.ITestResult)[pri:0, instance:testscripts.HomeTest@7c7b252e]" started-at="2026-02-20T07:09:28 IST" name="driverQuit" finished-at="2026-02-20T07:09:28 IST" duration-ms="6" status="PASS">
          <params>
            <param index="0">
              <value>
                <![CDATA[[TestResult name=verifyWhetherUserisAbletoLogoutSuccessfully status=SUCCESS method=HomeTest.verifyWhetherUserisAbletoLogoutSuccessfully()[pri:0, instance:testscripts.HomeTest@7c7b252e] output={null}]]]>
              </value>
            </param>
          </params>
          <reporter-output>
          </reporter-output>
        </test-method> <!-- driverQuit -->
      </class> <!-- testscripts.HomeTest -->
    </test> <!-- Test1 -->
    <test started-at="2026-02-20T07:09:28 IST" name="Test2" finished-at="2026-02-20T07:09:31 IST" duration-ms="2733">
      <class name="testscripts.HomeTest">
        <test-method is-config="true" signature="initialiseBrowser(java.lang.String)[pri:0, instance:testscripts.HomeTest@26794848]" started-at="2026-02-20T07:09:28 IST" name="initialiseBrowser" description="Verifying whether Browser is initialized successfully" finished-at="2026-02-20T07:09:29 IST" duration-ms="1429" status="PASS">
          <params>
            <param index="0">
              <value>
                <![CDATA[chrome]]>
              </value>
            </param>
          </params>
          <reporter-output>
          </reporter-output>
        </test-method> <!-- initialiseBrowser -->
        <test-method signature="verifyWhetherUserisAbletoLogoutSuccessfully()[pri:0, instance:testscripts.HomeTest@26794848]" started-at="2026-02-20T07:09:29 IST" name="verifyWhetherUserisAbletoLogoutSuccessfully" description="Verifying whether User is able to Logout successfully" finished-at="2026-02-20T07:09:31 IST" duration-ms="1295" status="PASS">
          <reporter-output>
          </reporter-output>
        </test-method> <!-- verifyWhetherUserisAbletoLogoutSuccessfully -->
        <test-method is-config="true" signature="driverQuit(org.testng.ITestResult)[pri:0, instance:testscripts.HomeTest@26794848]" started-at="2026-02-20T07:09:31 IST" name="driverQuit" finished-at="2026-02-20T07:09:31 IST" duration-ms="0" status="PASS">
          <params>
            <param index="0">
              <value>
                <![CDATA[[TestResult name=verifyWhetherUserisAbletoLogoutSuccessfully status=SUCCESS method=HomeTest.verifyWhetherUserisAbletoLogoutSuccessfully()[pri:0, instance:testscripts.HomeTest@26794848] output={null}]]]>
              </value>
            </param>
          </params>
          <reporter-output>
          </reporter-output>
        </test-method> <!-- driverQuit -->
      </class> <!-- testscripts.HomeTest -->
    </test> <!-- Test2 -->
  </suite> <!-- Paralleltesting -->
</testng-results>
