<?xml version="1.0" encoding="UTF-8"?>
<testng-results ignored="0" total="2" passed="2" failed="0" skipped="0">
  <reporter-output>
  </reporter-output>
  <suite started-at="2026-02-13T08:13:28 IST" name="Multibrowsertesting" finished-at="2026-02-13T08:13:40 IST" duration-ms="12287">
    <groups>
    </groups>
    <test started-at="2026-02-13T08:13:28 IST" name="Test1" finished-at="2026-02-13T08:13:34 IST" duration-ms="5892">
      <class name="testscripts.HomeTest">
        <test-method is-config="true" signature="initialiseBrowser(java.lang.String)[pri:0, instance:testscripts.HomeTest@4c60d6e9]" started-at="2026-02-13T08:13:28 IST" name="initialiseBrowser" finished-at="2026-02-13T08:13:31 IST" duration-ms="2653" status="PASS">
          <params>
            <param index="0">
              <value>
                <![CDATA[chrome]]>
              </value>
            </param>
          </params>
          <reporter-output>
          </reporter-output>
        </test-method> <!-- initialiseBrowser -->
        <test-method signature="verifyWhetherUserisAbletoLogoutSuccessfully()[pri:0, instance:testscripts.HomeTest@4c60d6e9]" started-at="2026-02-13T08:13:31 IST" name="verifyWhetherUserisAbletoLogoutSuccessfully" finished-at="2026-02-13T08:13:34 IST" duration-ms="3101" status="PASS">
          <reporter-output>
          </reporter-output>
        </test-method> <!-- verifyWhetherUserisAbletoLogoutSuccessfully -->
        <test-method is-config="true" signature="driverQuit(org.testng.ITestResult)[pri:0, instance:testscripts.HomeTest@4c60d6e9]" started-at="2026-02-13T08:13:34 IST" name="driverQuit" finished-at="2026-02-13T08:13:34 IST" duration-ms="9" status="PASS">
          <params>
            <param index="0">
              <value>
                <![CDATA[[TestResult name=verifyWhetherUserisAbletoLogoutSuccessfully status=SUCCESS method=HomeTest.verifyWhetherUserisAbletoLogoutSuccessfully()[pri:0, instance:testscripts.HomeTest@4c60d6e9] output={null}]]]>
              </value>
            </param>
          </params>
          <reporter-output>
          </reporter-output>
        </test-method> <!-- driverQuit -->
      </class> <!-- testscripts.HomeTest -->
    </test> <!-- Test1 -->
    <test started-at="2026-02-13T08:13:34 IST" name="Test2" finished-at="2026-02-13T08:13:40 IST" duration-ms="6316">
      <class name="testscripts.HomeTest">
        <test-method is-config="true" signature="initialiseBrowser(java.lang.String)[pri:0, instance:testscripts.HomeTest@3ad83a66]" started-at="2026-02-13T08:13:34 IST" name="initialiseBrowser" finished-at="2026-02-13T08:13:39 IST" duration-ms="4912" status="PASS">
          <params>
            <param index="0">
              <value>
                <![CDATA[firefox]]>
              </value>
            </param>
          </params>
          <reporter-output>
          </reporter-output>
        </test-method> <!-- initialiseBrowser -->
        <test-method signature="verifyWhetherUserisAbletoLogoutSuccessfully()[pri:0, instance:testscripts.HomeTest@3ad83a66]" started-at="2026-02-13T08:13:39 IST" name="verifyWhetherUserisAbletoLogoutSuccessfully" finished-at="2026-02-13T08:13:40 IST" duration-ms="1392" status="PASS">
          <reporter-output>
          </reporter-output>
        </test-method> <!-- verifyWhetherUserisAbletoLogoutSuccessfully -->
        <test-method is-config="true" signature="driverQuit(org.testng.ITestResult)[pri:0, instance:testscripts.HomeTest@3ad83a66]" started-at="2026-02-13T08:13:40 IST" name="driverQuit" finished-at="2026-02-13T08:13:40 IST" duration-ms="1" status="PASS">
          <params>
            <param index="0">
              <value>
                <![CDATA[[TestResult name=verifyWhetherUserisAbletoLogoutSuccessfully status=SUCCESS method=HomeTest.verifyWhetherUserisAbletoLogoutSuccessfully()[pri:0, instance:testscripts.HomeTest@3ad83a66] output={null}]]]>
              </value>
            </param>
          </params>
          <reporter-output>
          </reporter-output>
        </test-method> <!-- driverQuit -->
      </class> <!-- testscripts.HomeTest -->
    </test> <!-- Test2 -->
  </suite> <!-- Multibrowsertesting -->
</testng-results>
