<?xml version="1.0" encoding="UTF-8"?>
<!-- Generated by org.testng.reporters.JUnitReportReporter -->
<testsuite hostname="Jaya_Saketh" failures="0" tests="2" name="testscripts.LoginTest" time="7.864" errors="0" timestamp="2026-02-22T15:07:18 IST" skipped="0">
  <testcase classname="testscripts.LoginTest" name="verifyUserLoginWithInvalidUsernameAndInvalidPassword" time="4.741"/>
  <testcase classname="testscripts.LoginTest" name="verifyUserLoginWithInvalidUsernameAndInvalidPassword" time="3.123"/>
</testsuite> <!-- testscripts.LoginTest -->
