<?xml version="1.0" encoding="UTF-8"?>
<!-- Generated by org.testng.reporters.JUnitReportReporter -->
<testsuite hostname="Jaya_Saketh" failures="0" tests="2" name="testscripts.HomeTest" time="12.068" errors="0" timestamp="2026-02-13T08:13:41 IST" skipped="0">
  <testcase classname="testscripts.HomeTest" name="verifyWhetherUserisAbletoLogoutSuccessfully" time="6.305"/>
  <testcase classname="testscripts.HomeTest" name="verifyWhetherUserisAbletoLogoutSuccessfully" time="5.763"/>
</testsuite> <!-- testscripts.HomeTest -->
