<?xml version="1.0" encoding="UTF-8"?>
<!-- Generated by org.testng.reporters.JUnitReportReporter -->
<testsuite hostname="Jaya_Saketh" failures="0" tests="2" name="testscripts.HomeTest" time="8.206" errors="0" timestamp="2026-02-20T07:09:31 IST" skipped="0">
  <testcase classname="testscripts.HomeTest" name="verifyWhetherUserisAbletoLogoutSuccessfully" time="5.482"/>
  <testcase classname="testscripts.HomeTest" name="verifyWhetherUserisAbletoLogoutSuccessfully" time="2.724"/>
</testsuite> <!-- testscripts.HomeTest -->
