<?xml version="1.0" encoding="UTF-8"?>
<!-- Generated by org.testng.reporters.JUnitXMLReporter -->
<testsuite ignored="2" hostname="Jaya_Saketh" failures="0" tests="1" name="Default test" time="7.788" errors="0" timestamp="2026-02-22T15:44:01 IST">
  <testcase classname="testscripts.ManageNewsTest" name="verifyUserIsAbleToManageReset" time="4.801"/>
  <testcase classname="testscripts.ManageNewsTest" name="verifyWhetherUserIsAbleToSearchNewlyAddedNews" time="0.0">
    <ignored/>
  </testcase> <!-- verifyWhetherUserIsAbleToSearchNewlyAddedNews -->
  <testcase classname="testscripts.ManageNewsTest" name="verifyWhetherUserIsAbleToAddNewNewsSuccessfully" time="0.0">
    <ignored/>
  </testcase> <!-- verifyWhetherUserIsAbleToAddNewNewsSuccessfully -->
</testsuite> <!-- Default test -->
