<?xml version="1.0" encoding="UTF-8"?>
<!-- Generated by org.testng.reporters.JUnitXMLReporter -->
<testsuite ignored="2" hostname="Jaya_Saketh" failures="0" tests="1" name="Default test" time="3.491" errors="0" timestamp="2026-02-13T10:08:44 IST">
  <testcase classname="testscripts.ManageNewsTest" name="verifyUserIsAbleToManageReset" time="1.787"/>
  <testcase classname="testscripts.ManageNewsTest" name="verifyWhetherUserIsAbleToAddNewNewsSuccessfully" time="0.0">
    <ignored/>
  </testcase> <!-- verifyWhetherUserIsAbleToAddNewNewsSuccessfully -->
  <testcase classname="testscripts.ManageNewsTest" name="verifyWhetherUserIsAbleToSearchNewlyAddedNews" time="0.0">
    <ignored/>
  </testcase> <!-- verifyWhetherUserIsAbleToSearchNewlyAddedNews -->
</testsuite> <!-- Default test -->
